<?xml version="1.0" encoding="UTF-8" ?>
<testsuite errors="0" failures="0" hostname="bleujin-SV" name="net.ion.radon.aclient.TestAllClient" tests="26" time="27.305" timestamp="2012-06-20T05:19:35">
  <properties>
[...]
</properties>
  <testcase classname="net.ion.radon.aclient.TestConfigureClient" name="testConfig" time="1.377" />
  <testcase classname="net.ion.radon.aclient.TestConfigureClient" name="testLimitConnection" time="1.043" />
  <testcase classname="net.ion.radon.aclient.TestCreateRequest" name="testSimple" time="1.198" />
  <testcase classname="net.ion.radon.aclient.TestCreateRequest" name="testRequestBuilder" time="1.075" />
  <testcase classname="net.ion.radon.aclient.TestCreateRequest" name="testRequestConfig" time="1.047" />
  <testcase classname="net.ion.radon.aclient.TestCreateResponse" name="testCreateResponse" time="1.042" />
  <testcase classname="net.ion.radon.aclient.TestCreateResponse" name="testCompletedHandler" time="1.065" />
  <testcase classname="net.ion.radon.aclient.TestCreateResponse" name="testZeroByteCopy" time="1.059" />
  <testcase classname="net.ion.radon.aclient.multipart.TestMultiPart" name="testUpload" time="1.089" />
  <testcase classname="net.ion.radon.aclient.listener.TestTransfer" name="testUpload" time="1.043" />
  <testcase classname="net.ion.radon.aclient.listener.TestTransfer" name="testTransferOrder" time="1.045" />
  <testcase classname="net.ion.radon.aclient.filter.TestFilter" name="testThrottleRequestFilter" time="3.409" />
  <testcase classname="net.ion.radon.aclient.filter.TestFilter" name="testResponseFilter" time="1.062" />
  <testcase classname="net.ion.radon.aclient.auth.TestAuthentication" name="testBasic" time="1.07" />
  <testcase classname="net.ion.radon.aclient.util.TestProxyUtils" name="testBasics" time="0.0030" />
  <testcase classname="net.ion.radon.aclient.util.TestUTF8UrlCodec" name="testBasics" time="0.0" />
  <testcase classname="net.ion.radon.aclient.util.TestUTF8UrlCodec" name="testHangul" time="0.0010" />
  <testcase classname="net.ion.radon.aclient.webdav.TestWebDav" name="testProfind" time="1.129" />
  <testcase classname="net.ion.radon.aclient.webdav.TestWebDav" name="testProfindNotExist" time="1.049" />
  <testcase classname="net.ion.radon.aclient.webdav.TestWebDav" name="testMkDir" time="1.062" />
  <testcase classname="net.ion.radon.aclient.webdav.TestWebDav" name="testOptions" time="1.046" />
  <testcase classname="net.ion.radon.aclient.webdav.TestWebDav" name="testHead" time="1.037" />
  <testcase classname="net.ion.radon.aclient.webdav.TestWebDav" name="testPut" time="1.048" />
  <testcase classname="net.ion.radon.aclient.webdav.TestWebDav" name="testGet" time="1.069" />
  <testcase classname="net.ion.radon.aclient.webdav.TestWebDav" name="testDelete" time="1.071" />
  <testcase classname="net.ion.radon.aclient.webdav.TestWebDav" name="testCopy" time="1.096" />
  <system-out><![CDATA[[ROOT loaded] by net.ion.radon.core.AradonConfig:initConfig[20120620-141935]
[SECTION :  loaded] by net.ion.radon.core.Aradon:attach[20120620-141935]
[SECTION : secure loaded] by net.ion.radon.core.Aradon:attach[20120620-141935]
[SECTION : twitter loaded] by net.ion.radon.core.Aradon:attach[20120620-141935]
[Bye....... Aradon] by net.ion.radon.core.Aradon:slayReleasable[20120620-141937]
[End World.........] by net.ion.radon.core.Aradon:slayReleasable[20120620-141937]
[ROOT loaded] by net.ion.radon.core.AradonConfig:initConfig[20120620-141937]
[SECTION :  loaded] by net.ion.radon.core.Aradon:attach[20120620-141937]
[SECTION : secure loaded] by net.ion.radon.core.Aradon:attach[20120620-141937]
[SECTION : twitter loaded] by net.ion.radon.core.Aradon:attach[20120620-141937]
[Bye....... Aradon] by net.ion.radon.core.Aradon:slayReleasable[20120620-141938]
[End World.........] by net.ion.radon.core.Aradon:slayReleasable[20120620-141938]
[ROOT loaded] by net.ion.radon.core.AradonConfig:initConfig[20120620-141938]
[SECTION :  loaded] by net.ion.radon.core.Aradon:attach[20120620-141938]
[SECTION : secure loaded] by net.ion.radon.core.Aradon:attach[20120620-141938]
[SECTION : twitter loaded] by net.ion.radon.core.Aradon:attach[20120620-141938]
[Bye....... Aradon] by net.ion.radon.core.Aradon:slayReleasable[20120620-141939]
[End World.........] by net.ion.radon.core.Aradon:slayReleasable[20120620-141939]
[ROOT loaded] by net.ion.radon.core.AradonConfig:initConfig[20120620-141939]
[SECTION :  loaded] by net.ion.radon.core.Aradon:attach[20120620-141939]
[SECTION : secure loaded] by net.ion.radon.core.Aradon:attach[20120620-141939]
[SECTION : twitter loaded] by net.ion.radon.core.Aradon:attach[20120620-141939]
[Bye....... Aradon] by net.ion.radon.core.Aradon:slayReleasable[20120620-141940]
[End World.........] by net.ion.radon.core.Aradon:slayReleasable[20120620-141940]
[ROOT loaded] by net.ion.radon.core.AradonConfig:initConfig[20120620-141940]
[SECTION :  loaded] by net.ion.radon.core.Aradon:attach[20120620-141940]
[SECTION : secure loaded] by net.ion.radon.core.Aradon:attach[20120620-141940]
[SECTION : twitter loaded] by net.ion.radon.core.Aradon:attach[20120620-141940]
[Bye....... Aradon] by net.ion.radon.core.Aradon:slayReleasable[20120620-141941]
[End World.........] by net.ion.radon.core.Aradon:slayReleasable[20120620-141941]
[ROOT loaded] by net.ion.radon.core.AradonConfig:initConfig[20120620-141941]
[SECTION :  loaded] by net.ion.radon.core.Aradon:attach[20120620-141941]
[SECTION : secure loaded] by net.ion.radon.core.Aradon:attach[20120620-141941]
[SECTION : twitter loaded] by net.ion.radon.core.Aradon:attach[20120620-141941]
[Bye....... Aradon] by net.ion.radon.core.Aradon:slayReleasable[20120620-141942]
[End World.........] by net.ion.radon.core.Aradon:slayReleasable[20120620-141942]
[ROOT loaded] by net.ion.radon.core.AradonConfig:initConfig[20120620-141942]
[SECTION :  loaded] by net.ion.radon.core.Aradon:attach[20120620-141942]
[SECTION : secure loaded] by net.ion.radon.core.Aradon:attach[20120620-141942]
[SECTION : twitter loaded] by net.ion.radon.core.Aradon:attach[20120620-141942]
[Bye....... Aradon] by net.ion.radon.core.Aradon:slayReleasable[20120620-141943]
[End World.........] by net.ion.radon.core.Aradon:slayReleasable[20120620-141943]
[ROOT loaded] by net.ion.radon.core.AradonConfig:initConfig[20120620-141943]
[SECTION :  loaded] by net.ion.radon.core.Aradon:attach[20120620-141943]
[SECTION : secure loaded] by net.ion.radon.core.Aradon:attach[20120620-141943]
[SECTION : twitter loaded] by net.ion.radon.core.Aradon:attach[20120620-141943]
[Bye....... Aradon] by net.ion.radon.core.Aradon:slayReleasable[20120620-141944]
[End World.........] by net.ion.radon.core.Aradon:slayReleasable[20120620-141944]
[ROOT loaded] by net.ion.radon.core.AradonConfig:initConfig[20120620-141944]
[SECTION :  loaded] by net.ion.radon.core.Aradon:attach[20120620-141944]
[SECTION : secure loaded] by net.ion.radon.core.Aradon:attach[20120620-141944]
[SECTION : twitter loaded] by net.ion.radon.core.Aradon:attach[20120620-141944]
[Bye....... Aradon] by net.ion.radon.core.Aradon:slayReleasable[20120620-141945]
[End World.........] by net.ion.radon.core.Aradon:slayReleasable[20120620-141945]
[ROOT loaded] by net.ion.radon.core.AradonConfig:initConfig[20120620-141945]
[SECTION :  loaded] by net.ion.radon.core.Aradon:attach[20120620-141945]
[SECTION : secure loaded] by net.ion.radon.core.Aradon:attach[20120620-141945]
[SECTION : twitter loaded] by net.ion.radon.core.Aradon:attach[20120620-141945]
[Bye....... Aradon] by net.ion.radon.core.Aradon:slayReleasable[20120620-141946]
[End World.........] by net.ion.radon.core.Aradon:slayReleasable[20120620-141946]
[ROOT loaded] by net.ion.radon.core.AradonConfig:initConfig[20120620-141946]
[SECTION :  loaded] by net.ion.radon.core.Aradon:attach[20120620-141946]
[SECTION : secure loaded] by net.ion.radon.core.Aradon:attach[20120620-141946]
[SECTION : twitter loaded] by net.ion.radon.core.Aradon:attach[20120620-141946]
[Bye....... Aradon] by net.ion.radon.core.Aradon:slayReleasable[20120620-141947]
[End World.........] by net.ion.radon.core.Aradon:slayReleasable[20120620-141947]
[ROOT loaded] by net.ion.radon.core.AradonConfig:initConfig[20120620-141947]
[SECTION :  loaded] by net.ion.radon.core.Aradon:attach[20120620-141947]
[SECTION : secure loaded] by net.ion.radon.core.Aradon:attach[20120620-141947]
[SECTION : twitter loaded] by net.ion.radon.core.Aradon:attach[20120620-141947]
[[Current Throttling Status {}, 2]] by net.ion.radon.aclient.filter.ThrottleFilter:filter[20120620-141948]
[[Current Throttling Status {}, 1]] by net.ion.radon.aclient.filter.ThrottleFilter:filter[20120620-141948]
[[Current Throttling Status {}, 0]] by net.ion.radon.aclient.filter.ThrottleFilter:filter[20120620-141948]
[[Current Throttling Status {}, 1]] by net.ion.radon.aclient.filter.ThrottleFilter$AsyncHandlerWrapper:onCompleted[20120620-141949]
[[Current Throttling Status {}, 0]] by net.ion.radon.aclient.filter.ThrottleFilter:filter[20120620-141949]
[[Current Throttling Status {}, 1]] by net.ion.radon.aclient.filter.ThrottleFilter$AsyncHandlerWrapper:onCompleted[20120620-141949]
[[Current Throttling Status {}, 0]] by net.ion.radon.aclient.filter.ThrottleFilter:filter[20120620-141949]
[[Current Throttling Status {}, 1]] by net.ion.radon.aclient.filter.ThrottleFilter$AsyncHandlerWrapper:onCompleted[20120620-141949]
[[Current Throttling Status {}, 0]] by net.ion.radon.aclient.filter.ThrottleFilter:filter[20120620-141949]
[[Current Throttling Status {}, 1]] by net.ion.radon.aclient.filter.ThrottleFilter$AsyncHandlerWrapper:onCompleted[20120620-141949]
[[Current Throttling Status {}, 0]] by net.ion.radon.aclient.filter.ThrottleFilter:filter[20120620-141949]
[[Current Throttling Status {}, 1]] by net.ion.radon.aclient.filter.ThrottleFilter$AsyncHandlerWrapper:onCompleted[20120620-141950]
[[Current Throttling Status {}, 0]] by net.ion.radon.aclient.filter.ThrottleFilter:filter[20120620-141950]
[[Current Throttling Status {}, 1]] by net.ion.radon.aclient.filter.ThrottleFilter$AsyncHandlerWrapper:onCompleted[20120620-141950]
[[Current Throttling Status {}, 0]] by net.ion.radon.aclient.filter.ThrottleFilter:filter[20120620-141950]
[[Current Throttling Status {}, 1]] by net.ion.radon.aclient.filter.ThrottleFilter$AsyncHandlerWrapper:onCompleted[20120620-141950]
[[Current Throttling Status {}, 0]] by net.ion.radon.aclient.filter.ThrottleFilter:filter[20120620-141950]
[[Current Throttling Status {}, 1]] by net.ion.radon.aclient.filter.ThrottleFilter$AsyncHandlerWrapper:onCompleted[20120620-141950]
[Bye....... Aradon] by net.ion.radon.core.Aradon:slayReleasable[20120620-141951]
[End World.........] by net.ion.radon.core.Aradon:slayReleasable[20120620-141951]
[ROOT loaded] by net.ion.radon.core.AradonConfig:initConfig[20120620-141951]
[SECTION :  loaded] by net.ion.radon.core.Aradon:attach[20120620-141951]
[SECTION : secure loaded] by net.ion.radon.core.Aradon:attach[20120620-141951]
[SECTION : twitter loaded] by net.ion.radon.core.Aradon:attach[20120620-141951]
[Bye....... Aradon] by net.ion.radon.core.Aradon:slayReleasable[20120620-141952]
[End World.........] by net.ion.radon.core.Aradon:slayReleasable[20120620-141952]
[ROOT loaded] by net.ion.radon.core.AradonConfig:initConfig[20120620-141952]
[SECTION :  loaded] by net.ion.radon.core.Aradon:attach[20120620-141952]
[SECTION : secure loaded] by net.ion.radon.core.Aradon:attach[20120620-141952]
[SECTION : twitter loaded] by net.ion.radon.core.Aradon:attach[20120620-141952]
[Bye....... Aradon] by net.ion.radon.core.Aradon:slayReleasable[20120620-141953]
[End World.........] by net.ion.radon.core.Aradon:slayReleasable[20120620-141953]
[====================, [f%3D%ED%95%9C%EA%B8%80, f%3D%ED%95%9C%EA%B8%80]] by net.ion.radon.aclient.util.TestUTF8UrlCodec:testHangul[20120620-141953]
[ROOT loaded] by net.ion.radon.core.AradonConfig:initConfig[20120620-141953]
[SECTION : webdav loaded] by net.ion.radon.core.Aradon:attach[20120620-141953]
[====================, [<?xml version="1.0" encoding="utf-8" ?>
<D:multistatus xmlns:D="DAV:"><D:response><D:href>/</D:href>
<D:propstat><D:prop><D:creationdate>2012-06-20T05:19:54Z</D:creationdate>
<D:displayname><![CDATA[/&#x5d;&#x5d;&gt;</D:displayname>
<D:resourcetype><D:collection/></D:resourcetype>
<D:source></D:source>
</D:prop>
<D:status>HTTP/1.1 200 OK</D:status>
</D:propstat>
</D:response>
</D:multistatus>
, 207]] by net.ion.radon.aclient.webdav.TestWebDav:testProfind[20120620-141954]
[Bye....... Aradon] by net.ion.radon.core.Aradon:slayReleasable[20120620-141954]
[End World.........] by net.ion.radon.core.Aradon:slayReleasable[20120620-141954]
[ROOT loaded] by net.ion.radon.core.AradonConfig:initConfig[20120620-141954]
[SECTION : webdav loaded] by net.ion.radon.core.Aradon:attach[20120620-141954]
[====================, [<html>
<head>
   <title>Status page</title>
</head>
<body style="font-family: sans-serif;">
<p style="font-size: 1.2em;font-weight: bold;margin: 1em 0px;">Not Found</p>
<p>notfound</p>
<p>You can get technical details <a href="http://www.w3.org/Protocols/rfc2616/rfc2616-sec10.html#sec10.4.5">here</a>.<br>
Please continue your visit at our <a href="/">home page</a>.
</p>
</body>
</html>
, 404]] by net.ion.radon.aclient.webdav.TestWebDav:testProfindNotExist[20120620-141955]
[Bye....... Aradon] by net.ion.radon.core.Aradon:slayReleasable[20120620-141955]
[End World.........] by net.ion.radon.core.Aradon:slayReleasable[20120620-141955]
[ROOT loaded] by net.ion.radon.core.AradonConfig:initConfig[20120620-141955]
[SECTION : webdav loaded] by net.ion.radon.core.Aradon:attach[20120620-141955]
[====================, [<?xml version="1.0" encoding="utf-8" ?>
<D:multistatus xmlns:D="DAV:"><D:response><D:href>/</D:href>
<D:propstat><D:prop><D:creationdate>2012-06-20T05:19:56Z</D:creationdate>
<D:displayname><![CDATA[/&#x5d;&#x5d;&gt;</D:displayname>
<D:resourcetype><D:collection/></D:resourcetype>
<D:source></D:source>
</D:prop>
<D:status>HTTP/1.1 200 OK</D:status>
</D:propstat>
</D:response>
<D:response><D:href>/newdir/</D:href>
<D:propstat><D:prop><D:creationdate>2012-06-20T05:19:56Z</D:creationdate>
<D:displayname><![CDATA[newdir&#x5d;&#x5d;&gt;</D:displayname>
<D:resourcetype><D:collection/></D:resourcetype>
<D:source></D:source>
</D:prop>
<D:status>HTTP/1.1 200 OK</D:status>
</D:propstat>
</D:response>
</D:multistatus>
, 207]] by net.ion.radon.aclient.webdav.TestWebDav:testMkDir[20120620-141956]
[Bye....... Aradon] by net.ion.radon.core.Aradon:slayReleasable[20120620-141956]
[End World.........] by net.ion.radon.core.Aradon:slayReleasable[20120620-141956]
[ROOT loaded] by net.ion.radon.core.AradonConfig:initConfig[20120620-141956]
[SECTION : webdav loaded] by net.ion.radon.core.Aradon:attach[20120620-141956]
[====================, ["Accept-Ranges=bytes"; "Access-Control-Allow-Credentials=1"; "Access-Control-Allow-Headers=X-ARADONUNER"; "Access-Control-Allow-Origin=*"; "Access-Control-Max-Age=1728000"; "Access-Control-Request-Method=POST,GET,OPTIONS"; "Allow=HEAD, GET, PUT, POST, PROPFIND, OPTIONS, DELETE, PROPPATCH, MKCOL, COPY, MOVE, HEAD,GET,PUT,POST,PROPFIND,OPTIONS,DELETE,PROPPATCH,MKCOL,COPY,MOVE"; "Content-Length=0"; "Date=Wed, 20 Jun 2012 05:19:57 GMT"; "DAV=1"; "MS-Author-Via=DAV"; "Server=Restlet-Framework/2.1snapshot"; "X-Aradon-Version=0.7"; "XDomainRequestAllowed=1", 200]] by net.ion.radon.aclient.webdav.TestWebDav:testOptions[20120620-141957]
[Bye....... Aradon] by net.ion.radon.core.Aradon:slayReleasable[20120620-141957]
[End World.........] by net.ion.radon.core.Aradon:slayReleasable[20120620-141957]
[ROOT loaded] by net.ion.radon.core.AradonConfig:initConfig[20120620-141957]
[SECTION : webdav loaded] by net.ion.radon.core.Aradon:attach[20120620-141957]
[====================, ["Accept-Ranges=bytes"; "Access-Control-Allow-Credentials=1"; "Access-Control-Allow-Headers=X-ARADONUNER"; "Access-Control-Allow-Origin=*"; "Access-Control-Max-Age=1728000"; "Access-Control-Request-Method=POST,GET,OPTIONS"; "Content-Length=0"; "Date=Wed, 20 Jun 2012 05:19:58 GMT"; "Server=Restlet-Framework/2.1snapshot"; "X-Aradon-Version=0.7"; "XDomainRequestAllowed=1", 204]] by net.ion.radon.aclient.webdav.TestWebDav:testHead[20120620-141958]
[Bye....... Aradon] by net.ion.radon.core.Aradon:slayReleasable[20120620-141958]
[End World.........] by net.ion.radon.core.Aradon:slayReleasable[20120620-141958]
[ROOT loaded] by net.ion.radon.core.AradonConfig:initConfig[20120620-141958]
[SECTION : webdav loaded] by net.ion.radon.core.Aradon:attach[20120620-141958]
[Bye....... Aradon] by net.ion.radon.core.Aradon:slayReleasable[20120620-141959]
[End World.........] by net.ion.radon.core.Aradon:slayReleasable[20120620-141959]
[ROOT loaded] by net.ion.radon.core.AradonConfig:initConfig[20120620-141959]
[SECTION : webdav loaded] by net.ion.radon.core.Aradon:attach[20120620-141959]
[Bye....... Aradon] by net.ion.radon.core.Aradon:slayReleasable[20120620-142000]
[End World.........] by net.ion.radon.core.Aradon:slayReleasable[20120620-142000]
[ROOT loaded] by net.ion.radon.core.AradonConfig:initConfig[20120620-142000]
[SECTION : webdav loaded] by net.ion.radon.core.Aradon:attach[20120620-142000]
[Bye....... Aradon] by net.ion.radon.core.Aradon:slayReleasable[20120620-142001]
[End World.........] by net.ion.radon.core.Aradon:slayReleasable[20120620-142001]
[ROOT loaded] by net.ion.radon.core.AradonConfig:initConfig[20120620-142001]
[SECTION : webdav loaded] by net.ion.radon.core.Aradon:attach[20120620-142001]
[Bye....... Aradon] by net.ion.radon.core.Aradon:slayReleasable[20120620-142002]
[End World.........] by net.ion.radon.core.Aradon:slayReleasable[20120620-142002]
]]></system-out>
  <system-err><![CDATA[2012. 6. 20 오후 2:19:36 org.restlet.engine.connector.ServerConnectionHelper start
정보: Starting the internal [HTTP/1.1] server on port 9000
2012. 6. 20 오후 2:19:36 net.ion.radon.core.Aradon startServer
경고: aradon started : 9000
2012. 6. 20 오후 2:19:36 net.ion.radon.core.AradonConfig launchShell
경고: aradon manage shell not loaded
2012. 6. 20 오후 2:19:37 org.restlet.engine.connector.ServerConnectionHelper stop
정보: Stopping the internal [HTTP/1.1] server
2012. 6. 20 오후 2:19:37 net.ion.radon.core.Aradon stop
경고: aradon server stoped
2012. 6. 20 오후 2:19:38 org.restlet.engine.connector.ServerConnectionHelper start
정보: Starting the internal [HTTP/1.1] server on port 9000
2012. 6. 20 오후 2:19:38 net.ion.radon.core.Aradon startServer
경고: aradon started : 9000
2012. 6. 20 오후 2:19:38 net.ion.radon.core.AradonConfig launchShell
경고: aradon manage shell not loaded
2012. 6. 20 오후 2:19:38 org.restlet.engine.connector.ServerConnectionHelper stop
정보: Stopping the internal [HTTP/1.1] server
2012. 6. 20 오후 2:19:38 net.ion.radon.core.Aradon stop
경고: aradon server stoped
2012. 6. 20 오후 2:19:39 org.restlet.engine.connector.ServerConnectionHelper start
정보: Starting the internal [HTTP/1.1] server on port 9000
2012. 6. 20 오후 2:19:39 net.ion.radon.core.Aradon startServer
경고: aradon started : 9000
2012. 6. 20 오후 2:19:39 net.ion.radon.core.AradonConfig launchShell
경고: aradon manage shell not loaded
2012. 6. 20 오후 2:19:39 org.restlet.engine.log.LogFilter afterHandle
정보: 2012-06-20	14:19:39	127.0.0.1	-	-	9000	GET	/echo	name=value	200	10	0	38	http://127.0.0.1:9000	AradonClient/1.0	-
2012. 6. 20 오후 2:19:39 org.restlet.engine.connector.ServerConnectionHelper stop
정보: Stopping the internal [HTTP/1.1] server
2012. 6. 20 오후 2:19:39 net.ion.radon.core.Aradon stop
경고: aradon server stoped
2012. 6. 20 오후 2:19:40 org.restlet.engine.connector.ServerConnectionHelper start
정보: Starting the internal [HTTP/1.1] server on port 9000
[Error, [AsyncHttpClient.close() hasn't been invoked, which may produce file descriptor leaks]] by net.ion.radon.aclient.NewClient:finalize[20120620-141940]
[Error, [AsyncHttpClient.close() hasn't been invoked, which may produce file descriptor leaks]] by net.ion.radon.aclient.NewClient:finalize[20120620-141940]
2012. 6. 20 오후 2:19:40 net.ion.radon.core.Aradon startServer
경고: aradon started : 9000
2012. 6. 20 오후 2:19:40 net.ion.radon.core.AradonConfig launchShell
경고: aradon manage shell not loaded
2012. 6. 20 오후 2:19:40 org.restlet.engine.log.LogFilter afterHandle
정보: 2012-06-20	14:19:40	127.0.0.1	-	-	9000	POST	/echo	-	200	68	68	2	http://127.0.0.1:9000	AradonClient/1.0	-
2012. 6. 20 오후 2:19:40 org.restlet.engine.connector.ServerConnectionHelper stop
정보: Stopping the internal [HTTP/1.1] server
2012. 6. 20 오후 2:19:40 net.ion.radon.core.Aradon stop
경고: aradon server stoped
2012. 6. 20 오후 2:19:41 org.restlet.engine.connector.ServerConnectionHelper start
정보: Starting the internal [HTTP/1.1] server on port 9000
2012. 6. 20 오후 2:19:41 net.ion.radon.core.Aradon startServer
경고: aradon started : 9000
2012. 6. 20 오후 2:19:41 net.ion.radon.core.AradonConfig launchShell
경고: aradon manage shell not loaded
2012. 6. 20 오후 2:19:41 org.restlet.engine.log.LogFilter afterHandle
정보: 2012-06-20	14:19:41	127.0.0.1	-	-	9000	GET	/echo	-	204	0	0	2	http://127.0.0.1:9000	AradonClient/1.0	-
2012. 6. 20 오후 2:19:41 org.restlet.engine.connector.ServerConnectionHelper stop
정보: Stopping the internal [HTTP/1.1] server
2012. 6. 20 오후 2:19:41 net.ion.radon.core.Aradon stop
경고: aradon server stoped
2012. 6. 20 오후 2:19:42 org.restlet.engine.connector.ServerConnectionHelper start
정보: Starting the internal [HTTP/1.1] server on port 9000
2012. 6. 20 오후 2:19:42 net.ion.radon.core.Aradon startServer
경고: aradon started : 9000
2012. 6. 20 오후 2:19:42 net.ion.radon.core.AradonConfig launchShell
경고: aradon manage shell not loaded
2012. 6. 20 오후 2:19:42 org.restlet.engine.log.LogFilter afterHandle
정보: 2012-06-20	14:19:42	127.0.0.1	-	-	9000	GET	/hello	-	200	5	0	1	http://127.0.0.1:9000	AradonClient/1.0	-
2012. 6. 20 오후 2:19:42 org.restlet.engine.connector.ServerConnectionHelper stop
정보: Stopping the internal [HTTP/1.1] server
2012. 6. 20 오후 2:19:42 net.ion.radon.core.Aradon stop
경고: aradon server stoped
2012. 6. 20 오후 2:19:43 org.restlet.engine.connector.ServerConnectionHelper start
정보: Starting the internal [HTTP/1.1] server on port 9000
2012. 6. 20 오후 2:19:43 net.ion.radon.core.Aradon startServer
경고: aradon started : 9000
2012. 6. 20 오후 2:19:43 net.ion.radon.core.AradonConfig launchShell
경고: aradon manage shell not loaded
2012. 6. 20 오후 2:19:43 org.restlet.engine.log.LogFilter afterHandle
정보: 2012-06-20	14:19:43	127.0.0.1	-	-	9000	GET	/hello	-	200	5	0	1	http://127.0.0.1:9000	AradonClient/1.0	-
2012. 6. 20 오후 2:19:43 org.restlet.engine.connector.ServerConnectionHelper stop
정보: Stopping the internal [HTTP/1.1] server
2012. 6. 20 오후 2:19:43 net.ion.radon.core.Aradon stop
경고: aradon server stoped
2012. 6. 20 오후 2:19:44 org.restlet.engine.connector.ServerConnectionHelper start
정보: Starting the internal [HTTP/1.1] server on port 9000
2012. 6. 20 오후 2:19:44 net.ion.radon.core.Aradon startServer
경고: aradon started : 9000
2012. 6. 20 오후 2:19:44 net.ion.radon.core.AradonConfig launchShell
경고: aradon manage shell not loaded
2012. 6. 20 오후 2:19:44 org.restlet.engine.log.LogFilter afterHandle
정보: 2012-06-20	14:19:44	127.0.0.1	-	-	9000	GET	/hello	-	200	5	0	2	http://127.0.0.1:9000	AradonClient/1.0	-
2012. 6. 20 오후 2:19:44 org.restlet.engine.connector.ServerConnectionHelper stop
정보: Stopping the internal [HTTP/1.1] server
2012. 6. 20 오후 2:19:44 net.ion.radon.core.Aradon stop
경고: aradon server stoped
2012. 6. 20 오후 2:19:45 org.restlet.engine.connector.ServerConnectionHelper start
정보: Starting the internal [HTTP/1.1] server on port 9000
[Error, [AsyncHttpClient.close() hasn't been invoked, which may produce file descriptor leaks]] by net.ion.radon.aclient.NewClient:finalize[20120620-141945]
[Error, [AsyncHttpClient.close() hasn't been invoked, which may produce file descriptor leaks]] by net.ion.radon.aclient.NewClient:finalize[20120620-141945]
[Error, [AsyncHttpClient.close() hasn't been invoked, which may produce file descriptor leaks]] by net.ion.radon.aclient.NewClient:finalize[20120620-141945]
[Error, [AsyncHttpClient.close() hasn't been invoked, which may produce file descriptor leaks]] by net.ion.radon.aclient.NewClient:finalize[20120620-141945]
[Error, [AsyncHttpClient.close() hasn't been invoked, which may produce file descriptor leaks]] by net.ion.radon.aclient.NewClient:finalize[20120620-141945]
2012. 6. 20 오후 2:19:45 net.ion.radon.core.Aradon startServer
경고: aradon started : 9000
2012. 6. 20 오후 2:19:45 net.ion.radon.core.AradonConfig launchShell
경고: aradon manage shell not loaded
2012. 6. 20 오후 2:19:45 org.restlet.engine.log.LogFilter afterHandle
정보: 2012-06-20	14:19:45	127.0.0.1	-	-	9000	POST	/multipart	-	200	37	439	2	http://127.0.0.1:9000	AradonClient/1.0	-
2012. 6. 20 오후 2:19:45 org.restlet.engine.connector.ServerConnectionHelper stop
정보: Stopping the internal [HTTP/1.1] server
2012. 6. 20 오후 2:19:45 net.ion.radon.core.Aradon stop
경고: aradon server stoped
2012. 6. 20 오후 2:19:46 org.restlet.engine.connector.ServerConnectionHelper start
정보: Starting the internal [HTTP/1.1] server on port 9000
2012. 6. 20 오후 2:19:46 net.ion.radon.core.Aradon startServer
경고: aradon started : 9000
2012. 6. 20 오후 2:19:46 net.ion.radon.core.AradonConfig launchShell
경고: aradon manage shell not loaded
2012. 6. 20 오후 2:19:46 org.restlet.engine.log.LogFilter afterHandle
정보: 2012-06-20	14:19:46	127.0.0.1	-	-	9000	PUT	/upload	-	200	2	15	2	http://127.0.0.1:9000	AradonClient/1.0	-
2012. 6. 20 오후 2:19:46 org.restlet.engine.connector.ServerConnectionHelper stop
정보: Stopping the internal [HTTP/1.1] server
2012. 6. 20 오후 2:19:46 net.ion.radon.core.Aradon stop
경고: aradon server stoped
2012. 6. 20 오후 2:19:47 org.restlet.engine.connector.ServerConnectionHelper start
정보: Starting the internal [HTTP/1.1] server on port 9000
2012. 6. 20 오후 2:19:47 net.ion.radon.core.Aradon startServer
경고: aradon started : 9000
2012. 6. 20 오후 2:19:47 net.ion.radon.core.AradonConfig launchShell
경고: aradon manage shell not loaded
2012. 6. 20 오후 2:19:47 org.restlet.engine.log.LogFilter afterHandle
정보: 2012-06-20	14:19:47	127.0.0.1	-	-	9000	PUT	/upload	-	200	2	15	2	http://127.0.0.1:9000	AradonClient/1.0	-
2012. 6. 20 오후 2:19:47 org.restlet.engine.connector.ServerConnectionHelper stop
정보: Stopping the internal [HTTP/1.1] server
2012. 6. 20 오후 2:19:47 net.ion.radon.core.Aradon stop
경고: aradon server stoped
2012. 6. 20 오후 2:19:48 org.restlet.engine.connector.ServerConnectionHelper start
정보: Starting the internal [HTTP/1.1] server on port 9000
2012. 6. 20 오후 2:19:48 net.ion.radon.core.Aradon startServer
경고: aradon started : 9000
2012. 6. 20 오후 2:19:48 net.ion.radon.core.AradonConfig launchShell
경고: aradon manage shell not loaded
2012. 6. 20 오후 2:19:49 org.restlet.engine.log.LogFilter afterHandle
정보: 2012-06-20	14:19:49	127.0.0.1	-	-	9000	GET	/slow/503	-	200	5	0	505	http://127.0.0.1:9000	AradonClient/1.0	-
2012. 6. 20 오후 2:19:49 org.restlet.engine.log.LogFilter afterHandle
정보: 2012-06-20	14:19:49	127.0.0.1	-	-	9000	GET	/slow/538	-	200	5	0	541	http://127.0.0.1:9000	AradonClient/1.0	-
2012. 6. 20 오후 2:19:49 org.restlet.engine.log.LogFilter afterHandle
정보: 2012-06-20	14:19:49	127.0.0.1	-	-	9000	GET	/slow/257	-	200	5	0	260	http://127.0.0.1:9000	AradonClient/1.0	-
2012. 6. 20 오후 2:19:49 org.restlet.engine.log.LogFilter afterHandle
정보: 2012-06-20	14:19:49	127.0.0.1	-	-	9000	GET	/slow/456	-	200	5	0	459	http://127.0.0.1:9000	AradonClient/1.0	-
2012. 6. 20 오후 2:19:50 org.restlet.engine.log.LogFilter afterHandle
정보: 2012-06-20	14:19:50	127.0.0.1	-	-	9000	GET	/slow/359	-	200	5	0	363	http://127.0.0.1:9000	AradonClient/1.0	-
2012. 6. 20 오후 2:19:50 org.restlet.engine.log.LogFilter afterHandle
정보: 2012-06-20	14:19:50	127.0.0.1	-	-	9000	GET	/slow/597	-	200	5	0	601	http://127.0.0.1:9000	AradonClient/1.0	-
2012. 6. 20 오후 2:19:50 org.restlet.engine.log.LogFilter afterHandle
정보: 2012-06-20	14:19:50	127.0.0.1	-	-	9000	GET	/slow/394	-	200	5	0	397	http://127.0.0.1:9000	AradonClient/1.0	-
2012. 6. 20 오후 2:19:50 org.restlet.engine.log.LogFilter afterHandle
정보: 2012-06-20	14:19:50	127.0.0.1	-	-	9000	GET	/slow/497	-	200	5	0	501	http://127.0.0.1:9000	AradonClient/1.0	-
2012. 6. 20 오후 2:19:50 org.restlet.engine.connector.ServerConnectionHelper stop
정보: Stopping the internal [HTTP/1.1] server
2012. 6. 20 오후 2:19:50 org.restlet.engine.log.LogFilter afterHandle
정보: 2012-06-20	14:19:50	127.0.0.1	-	-	9000	GET	/slow/200	-	200	5	0	202	http://127.0.0.1:9000	AradonClient/1.0	-
2012. 6. 20 오후 2:19:51 org.restlet.engine.log.LogFilter afterHandle
정보: 2012-06-20	14:19:51	127.0.0.1	-	-	9000	GET	/slow/532	-	200	5	0	534	http://127.0.0.1:9000	AradonClient/1.0	-
2012. 6. 20 오후 2:19:51 net.ion.radon.core.Aradon stop
경고: aradon server stoped
2012. 6. 20 오후 2:19:52 org.restlet.engine.connector.ServerConnectionHelper start
정보: Starting the internal [HTTP/1.1] server on port 9000
2012. 6. 20 오후 2:19:52 net.ion.radon.core.Aradon startServer
경고: aradon started : 9000
2012. 6. 20 오후 2:19:52 net.ion.radon.core.AradonConfig launchShell
경고: aradon manage shell not loaded
2012. 6. 20 오후 2:19:52 org.restlet.engine.log.LogFilter afterHandle
정보: 2012-06-20	14:19:52	127.0.0.1	-	-	9000	GET	/echo	-	204	0	0	5	http://127.0.0.1:9000	AradonClient/1.0	-
2012. 6. 20 오후 2:19:52 org.restlet.engine.log.LogFilter afterHandle
정보: 2012-06-20	14:19:52	127.0.0.1	-	-	9000	GET	/hello	-	200	5	0	2	http://127.0.0.1:9000	AradonClient/1.0	-
2012. 6. 20 오후 2:19:52 org.restlet.engine.connector.ServerConnectionHelper stop
정보: Stopping the internal [HTTP/1.1] server
2012. 6. 20 오후 2:19:52 net.ion.radon.core.Aradon stop
경고: aradon server stoped
2012. 6. 20 오후 2:19:53 org.restlet.engine.connector.ServerConnectionHelper start
정보: Starting the internal [HTTP/1.1] server on port 9000
2012. 6. 20 오후 2:19:53 net.ion.radon.core.Aradon startServer
경고: aradon started : 9000
2012. 6. 20 오후 2:19:53 net.ion.radon.core.AradonConfig launchShell
경고: aradon manage shell not loaded
2012. 6. 20 오후 2:19:53 org.restlet.engine.log.LogFilter afterHandle
정보: 2012-06-20	14:19:53	127.0.0.1	-	-	9000	GET	/secure/hello	-	401	424	0	4	http://127.0.0.1:9000	AradonClient/1.0	-
[Error, [AsyncHttpClient.close() hasn't been invoked, which may produce file descriptor leaks]] by net.ion.radon.aclient.NewClient:finalize[20120620-141953]
[Error, [AsyncHttpClient.close() hasn't been invoked, which may produce file descriptor leaks]] by net.ion.radon.aclient.NewClient:finalize[20120620-141953]
[Error, [AsyncHttpClient.close() hasn't been invoked, which may produce file descriptor leaks]] by net.ion.radon.aclient.NewClient:finalize[20120620-141953]
[Error, [AsyncHttpClient.close() hasn't been invoked, which may produce file descriptor leaks]] by net.ion.radon.aclient.NewClient:finalize[20120620-141953]
2012. 6. 20 오후 2:19:53 org.restlet.engine.log.LogFilter afterHandle
정보: 2012-06-20	14:19:53	127.0.0.1		-	9000	GET	/secure/hello	-	401	424	0	3	http://127.0.0.1:9000	AradonClient/1.0	-
2012. 6. 20 오후 2:19:53 org.restlet.engine.log.LogFilter afterHandle
정보: 2012-06-20	14:19:53	127.0.0.1	bleujin	-	9000	GET	/secure/hello	-	200	5	0	1	http://127.0.0.1:9000	AradonClient/1.0	-
2012. 6. 20 오후 2:19:53 org.restlet.engine.connector.ServerConnectionHelper stop
정보: Stopping the internal [HTTP/1.1] server
2012. 6. 20 오후 2:19:53 net.ion.radon.core.Aradon stop
경고: aradon server stoped
log4j:WARN No appenders could be found for logger (net.ion.framework.vfs.MyFileSystemManager).
log4j:WARN Please initialize the log4j system properly.
log4j:WARN See http://logging.apache.org/log4j/1.2/faq.html#noconfig for more info.
2012. 6. 20 오후 2:19:54 org.restlet.engine.connector.ServerConnectionHelper start
정보: Starting the internal [HTTP/1.1] server on port 9000
2012. 6. 20 오후 2:19:54 net.ion.radon.core.Aradon startServer
경고: aradon started : 9000
2012. 6. 20 오후 2:19:54 net.ion.radon.core.AradonConfig launchShell
경고: aradon manage shell not loaded
2012. 6. 20 오후 2:19:54 org.restlet.engine.log.LogFilter afterHandle
정보: 2012-06-20	14:19:54	127.0.0.1	-	-	9000	PROPFIND	/webdav/	-	207	383	0	55	http://127.0.0.1:9000	AradonClient/1.0	-
2012. 6. 20 오후 2:19:54 org.restlet.engine.connector.ServerConnectionHelper stop
정보: Stopping the internal [HTTP/1.1] server
2012. 6. 20 오후 2:19:54 net.ion.radon.core.Aradon stop
경고: aradon server stoped
2012. 6. 20 오후 2:19:55 org.restlet.engine.connector.ServerConnectionHelper start
정보: Starting the internal [HTTP/1.1] server on port 9000
2012. 6. 20 오후 2:19:55 net.ion.radon.core.Aradon startServer
경고: aradon started : 9000
2012. 6. 20 오후 2:19:55 net.ion.radon.core.AradonConfig launchShell
경고: aradon manage shell not loaded
2012. 6. 20 오후 2:19:55 org.restlet.engine.log.LogFilter afterHandle
정보: 2012-06-20	14:19:55	127.0.0.1	-	-	9000	PROPFIND	/webdav/notfound	-	404	389	0	3	http://127.0.0.1:9000	AradonClient/1.0	-
2012. 6. 20 오후 2:19:55 org.restlet.engine.connector.ServerConnectionHelper stop
정보: Stopping the internal [HTTP/1.1] server
2012. 6. 20 오후 2:19:55 net.ion.radon.core.Aradon stop
경고: aradon server stoped
2012. 6. 20 오후 2:19:56 org.restlet.engine.connector.ServerConnectionHelper start
정보: Starting the internal [HTTP/1.1] server on port 9000
2012. 6. 20 오후 2:19:56 net.ion.radon.core.Aradon startServer
경고: aradon started : 9000
2012. 6. 20 오후 2:19:56 net.ion.radon.core.AradonConfig launchShell
경고: aradon manage shell not loaded
2012. 6. 20 오후 2:19:56 org.restlet.engine.log.LogFilter afterHandle
정보: 2012-06-20	14:19:56	127.0.0.1	-	-	9000	MKCOL	/webdav/newdir	-	201	0	0	6	http://127.0.0.1:9000	AradonClient/1.0	-
2012. 6. 20 오후 2:19:56 org.restlet.engine.log.LogFilter afterHandle
정보: 2012-06-20	14:19:56	127.0.0.1	-	-	9000	PROPFIND	/webdav/	-	207	691	0	1	http://127.0.0.1:9000	AradonClient/1.0	-
2012. 6. 20 오후 2:19:56 org.restlet.engine.connector.ServerConnectionHelper stop
정보: Stopping the internal [HTTP/1.1] server
2012. 6. 20 오후 2:19:56 net.ion.radon.core.Aradon stop
경고: aradon server stoped
2012. 6. 20 오후 2:19:57 org.restlet.engine.connector.ServerConnectionHelper start
정보: Starting the internal [HTTP/1.1] server on port 9000
2012. 6. 20 오후 2:19:57 net.ion.radon.core.Aradon startServer
경고: aradon started : 9000
2012. 6. 20 오후 2:19:57 net.ion.radon.core.AradonConfig launchShell
경고: aradon manage shell not loaded
2012. 6. 20 오후 2:19:57 org.restlet.engine.log.LogFilter afterHandle
정보: 2012-06-20	14:19:57	127.0.0.1	-	-	9000	OPTIONS	/webdav/	-	200	0	0	5	http://127.0.0.1:9000	AradonClient/1.0	-
2012. 6. 20 오후 2:19:57 org.restlet.engine.connector.ServerConnectionHelper stop
정보: Stopping the internal [HTTP/1.1] server
2012. 6. 20 오후 2:19:57 net.ion.radon.core.Aradon stop
경고: aradon server stoped
2012. 6. 20 오후 2:19:58 org.restlet.engine.connector.ServerConnectionHelper start
정보: Starting the internal [HTTP/1.1] server on port 9000
2012. 6. 20 오후 2:19:58 net.ion.radon.core.Aradon startServer
경고: aradon started : 9000
2012. 6. 20 오후 2:19:58 net.ion.radon.core.AradonConfig launchShell
경고: aradon manage shell not loaded
2012. 6. 20 오후 2:19:58 org.restlet.engine.log.LogFilter afterHandle
정보: 2012-06-20	14:19:58	127.0.0.1	-	-	9000	HEAD	/webdav/	-	204	0	0	3	http://127.0.0.1:9000	AradonClient/1.0	-
2012. 6. 20 오후 2:19:58 org.restlet.engine.connector.ServerConnectionHelper stop
정보: Stopping the internal [HTTP/1.1] server
2012. 6. 20 오후 2:19:58 net.ion.radon.core.Aradon stop
경고: aradon server stoped
2012. 6. 20 오후 2:19:59 org.restlet.engine.connector.ServerConnectionHelper start
정보: Starting the internal [HTTP/1.1] server on port 9000
2012. 6. 20 오후 2:19:59 net.ion.radon.core.Aradon startServer
경고: aradon started : 9000
2012. 6. 20 오후 2:19:59 net.ion.radon.core.AradonConfig launchShell
경고: aradon manage shell not loaded
2012. 6. 20 오후 2:19:59 org.restlet.engine.log.LogFilter afterHandle
정보: 2012-06-20	14:19:59	127.0.0.1	-	-	9000	PUT	/webdav/hello.txt	-	201	0	15	8	http://127.0.0.1:9000	AradonClient/1.0	-
2012. 6. 20 오후 2:19:59 org.restlet.engine.connector.ServerConnectionHelper stop
정보: Stopping the internal [HTTP/1.1] server
2012. 6. 20 오후 2:19:59 net.ion.radon.core.Aradon stop
경고: aradon server stoped
2012. 6. 20 오후 2:20:00 org.restlet.engine.connector.ServerConnectionHelper start
정보: Starting the internal [HTTP/1.1] server on port 9000
[Error, [AsyncHttpClient.close() hasn't been invoked, which may produce file descriptor leaks]] by net.ion.radon.aclient.NewClient:finalize[20120620-142000]
[Error, [AsyncHttpClient.close() hasn't been invoked, which may produce file descriptor leaks]] by net.ion.radon.aclient.NewClient:finalize[20120620-142000]
[Error, [AsyncHttpClient.close() hasn't been invoked, which may produce file descriptor leaks]] by net.ion.radon.aclient.NewClient:finalize[20120620-142000]
[Error, [AsyncHttpClient.close() hasn't been invoked, which may produce file descriptor leaks]] by net.ion.radon.aclient.NewClient:finalize[20120620-142000]
[Error, [AsyncHttpClient.close() hasn't been invoked, which may produce file descriptor leaks]] by net.ion.radon.aclient.NewClient:finalize[20120620-142000]
[Error, [AsyncHttpClient.close() hasn't been invoked, which may produce file descriptor leaks]] by net.ion.radon.aclient.NewClient:finalize[20120620-142000]
[Error, [AsyncHttpClient.close() hasn't been invoked, which may produce file descriptor leaks]] by net.ion.radon.aclient.NewClient:finalize[20120620-142000]
[Error, [AsyncHttpClient.close() hasn't been invoked, which may produce file descriptor leaks]] by net.ion.radon.aclient.NewClient:finalize[20120620-142000]
2012. 6. 20 오후 2:20:00 net.ion.radon.core.Aradon startServer
경고: aradon started : 9000
2012. 6. 20 오후 2:20:00 net.ion.radon.core.AradonConfig launchShell
경고: aradon manage shell not loaded
2012. 6. 20 오후 2:20:00 org.restlet.engine.log.LogFilter afterHandle
정보: 2012-06-20	14:20:00	127.0.0.1	-	-	9000	PUT	/webdav/hello.txt	-	201	0	15	2	http://127.0.0.1:9000	AradonClient/1.0	-
2012. 6. 20 오후 2:20:00 org.restlet.engine.log.LogFilter afterHandle
정보: 2012-06-20	14:20:00	127.0.0.1	-	-	9000	GET	/webdav/hello.txt	-	200	15	0	8	http://127.0.0.1:9000	AradonClient/1.0	-
2012. 6. 20 오후 2:20:00 org.restlet.engine.connector.ServerConnectionHelper stop
정보: Stopping the internal [HTTP/1.1] server
2012. 6. 20 오후 2:20:00 net.ion.radon.core.Aradon stop
경고: aradon server stoped
2012. 6. 20 오후 2:20:01 org.restlet.engine.connector.ServerConnectionHelper start
정보: Starting the internal [HTTP/1.1] server on port 9000
2012. 6. 20 오후 2:20:01 net.ion.radon.core.Aradon startServer
경고: aradon started : 9000
2012. 6. 20 오후 2:20:01 net.ion.radon.core.AradonConfig launchShell
경고: aradon manage shell not loaded
2012. 6. 20 오후 2:20:01 org.restlet.engine.log.LogFilter afterHandle
정보: 2012-06-20	14:20:01	127.0.0.1	-	-	9000	PUT	/webdav/hello.txt	-	201	0	15	3	http://127.0.0.1:9000	AradonClient/1.0	-
2012. 6. 20 오후 2:20:01 org.restlet.engine.log.LogFilter afterHandle
정보: 2012-06-20	14:20:01	127.0.0.1	-	-	9000	DELETE	/webdav/hello.txt	-	204	0	0	7	http://127.0.0.1:9000	AradonClient/1.0	-
2012. 6. 20 오후 2:20:01 org.restlet.engine.log.LogFilter afterHandle
정보: 2012-06-20	14:20:01	127.0.0.1	-	-	9000	GET	/webdav/hello.txt	-	404	390	0	0	http://127.0.0.1:9000	AradonClient/1.0	-
2012. 6. 20 오후 2:20:01 org.restlet.engine.connector.ServerConnectionHelper stop
정보: Stopping the internal [HTTP/1.1] server
2012. 6. 20 오후 2:20:01 net.ion.radon.core.Aradon stop
경고: aradon server stoped
2012. 6. 20 오후 2:20:02 org.restlet.engine.connector.ServerConnectionHelper start
정보: Starting the internal [HTTP/1.1] server on port 9000
2012. 6. 20 오후 2:20:02 net.ion.radon.core.Aradon startServer
경고: aradon started : 9000
2012. 6. 20 오후 2:20:02 net.ion.radon.core.AradonConfig launchShell
경고: aradon manage shell not loaded
2012. 6. 20 오후 2:20:02 org.restlet.engine.log.LogFilter afterHandle
정보: 2012-06-20	14:20:02	127.0.0.1	-	-	9000	PUT	/webdav/hello.txt	-	201	0	15	3	http://127.0.0.1:9000	AradonClient/1.0	-
2012. 6. 20 오후 2:20:02 org.restlet.engine.log.LogFilter afterHandle
정보: 2012-06-20	14:20:02	127.0.0.1	-	-	9000	COPY	/webdav/hello.txt	-	201	0	0	13	http://127.0.0.1:9000	AradonClient/1.0	-
2012. 6. 20 오후 2:20:02 org.restlet.engine.log.LogFilter afterHandle
정보: 2012-06-20	14:20:02	127.0.0.1	-	-	9000	COPY	/webdav/hello.txt	-	201	0	0	1	http://127.0.0.1:9000	AradonClient/1.0	-
2012. 6. 20 오후 2:20:02 org.restlet.engine.log.LogFilter afterHandle
정보: 2012-06-20	14:20:02	127.0.0.1	-	-	9000	GET	/webdav/hello.txt.copy	-	200	15	0	1	http://127.0.0.1:9000	AradonClient/1.0	-
2012. 6. 20 오후 2:20:02 org.restlet.engine.connector.ServerConnectionHelper stop
정보: Stopping the internal [HTTP/1.1] server
2012. 6. 20 오후 2:20:02 net.ion.radon.core.Aradon stop
경고: aradon server stoped
]]></system-err>
</testsuite>
